This is pdfTeX, Version 3.1415926-1.40.10 (TeX Live 2009/Debian) (format=pdflatex 2011.4.5)  13 JUL 2011 00:07
entering extended mode
 %&-line parsing enabled.
**\nonstopmode \input{"/home/jup/Dropbox/WR/Belege/taylor/wr-prak2.tex"}
(/home/jup/Dropbox/WR/Belege/taylor/wr-prak2.tex
(/usr/share/texmf-texlive/tex/latex/koma-script/scrartcl.cls
Document Class: scrartcl 2009/07/24 v3.04a KOMA-Script document class (article)

(/usr/share/texmf-texlive/tex/latex/koma-script/scrkbase.sty
Package: scrkbase 2009/07/24 v3.04a KOMA-Script package (KOMA-Script-dependent 
basics and keyval usage)

(/usr/share/texmf-texlive/tex/latex/koma-script/scrbase.sty
Package: scrbase 2009/07/24 v3.04a KOMA-Script package (KOMA-Script-independent
 basics and keyval usage)

(/usr/share/texmf-texlive/tex/latex/graphics/keyval.sty
Package: keyval 1999/03/16 v1.13 key=value parser (DPC)
\KV@toks@=\toks14
)
(/usr/share/texmf-texlive/tex/latex/koma-script/scrlfile.sty
Package: scrlfile 2009/03/25 v3.03 KOMA-Script package (loading files)

Package scrlfile, 2009/03/25 v3.03 KOMA-Script package (loading files)
                  Copyright (C) Markus Kohm

))) (/usr/share/texmf-texlive/tex/latex/koma-script/tocbasic.sty
Package: tocbasic 2009/06/08 v3.03b KOMA-Script package (handling toc-files)
)
Package tocbasic Info: omitting babel extension for `toc'
(tocbasic)             because of feature `nobabel' available
(tocbasic)             for `toc' on input line 115.
Package tocbasic Info: omitting babel extension for `lof'
(tocbasic)             because of feature `nobabel' available
(tocbasic)             for `lof' on input line 116.
Package tocbasic Info: omitting babel extension for `lot'
(tocbasic)             because of feature `nobabel' available
(tocbasic)             for `lot' on input line 117.
Class scrartcl Info: File `scrsize11pt.clo' used instead of
(scrartcl)           file `scrsize11.clo' to setup font sizes on input line 117
1.

(/usr/share/texmf-texlive/tex/latex/koma-script/scrsize11pt.clo
File: scrsize11pt.clo 2009/07/24 v3.04a KOMA-Script font size class option (11p
t)
)
(/usr/share/texmf-texlive/tex/latex/koma-script/typearea.sty
Package: typearea 2009/07/24 v3.04a KOMA-Script package (type area)

Package typearea, 2009/07/24 v3.04a KOMA-Script package (type area)
                  Copyright (C) Frank Neukam, 1992-1994
                  Copyright (C) Markus Kohm, 1994-

\ta@bcor=\skip41
\ta@div=\count79
\ta@hblk=\skip42
\ta@vblk=\skip43
\ta@temp=\skip44
Package typearea Info: These are the values describing the layout:
(typearea)             DIV  = 10
(typearea)             BCOR = 0.0pt
(typearea)             \paperwidth      = 597.50793pt
(typearea)              \textwidth      = 418.25555pt
(typearea)              DIV departure   = -6%
(typearea)              \evensidemargin = 17.3562pt
(typearea)              \oddsidemargin  = 17.3562pt
(typearea)             \paperheight     = 845.04694pt
(typearea)              \textheight     = 595.80026pt
(typearea)              \topmargin      = -25.16531pt
(typearea)              \headheight     = 17.0pt
(typearea)              \headsep        = 20.40001pt
(typearea)              \topskip        = 11.0pt
(typearea)              \footskip       = 47.60002pt
(typearea)              \baselineskip   = 13.6pt
(typearea)              on input line 1115.
)
\c@part=\count80
\c@section=\count81
\c@subsection=\count82
\c@subsubsection=\count83
\c@paragraph=\count84
\c@subparagraph=\count85
\abovecaptionskip=\skip45
\belowcaptionskip=\skip46
\c@pti@nb@sid@b@x=\box26
\c@figure=\count86
\c@table=\count87
\bibindent=\dimen102
) (/usr/share/texmf-texlive/tex/latex/base/inputenc.sty
Package: inputenc 2008/03/30 v1.1d Input encoding file
\inpenc@prehook=\toks15
\inpenc@posthook=\toks16

(/usr/share/texmf-texlive/tex/latex/base/utf8.def
File: utf8.def 2008/04/05 v1.1m UTF-8 support for inputenc
Now handling font encoding OML ...
... no UTF-8 mapping file for font encoding OML
Now handling font encoding T1 ...
... processing UTF-8 mapping file for font encoding T1

(/usr/share/texmf-texlive/tex/latex/base/t1enc.dfu
File: t1enc.dfu 2008/04/05 v1.1m UTF-8 support for inputenc
   defining Unicode char U+00A1 (decimal 161)
   defining Unicode char U+00A3 (decimal 163)
   defining Unicode char U+00AB (decimal 171)
   defining Unicode char U+00BB (decimal 187)
   defining Unicode char U+00BF (decimal 191)
   defining Unicode char U+00C0 (decimal 192)
   defining Unicode char U+00C1 (decimal 193)
   defining Unicode char U+00C2 (decimal 194)
   defining Unicode char U+00C3 (decimal 195)
   defining Unicode char U+00C4 (decimal 196)
   defining Unicode char U+00C5 (decimal 197)
   defining Unicode char U+00C6 (decimal 198)
   defining Unicode char U+00C7 (decimal 199)
   defining Unicode char U+00C8 (decimal 200)
   defining Unicode char U+00C9 (decimal 201)
   defining Unicode char U+00CA (decimal 202)
   defining Unicode char U+00CB (decimal 203)
   defining Unicode char U+00CC (decimal 204)
   defining Unicode char U+00CD (decimal 205)
   defining Unicode char U+00CE (decimal 206)
   defining Unicode char U+00CF (decimal 207)
   defining Unicode char U+00D0 (decimal 208)
   defining Unicode char U+00D1 (decimal 209)
   defining Unicode char U+00D2 (decimal 210)
   defining Unicode char U+00D3 (decimal 211)
   defining Unicode char U+00D4 (decimal 212)
   defining Unicode char U+00D5 (decimal 213)
   defining Unicode char U+00D6 (decimal 214)
   defining Unicode char U+00D8 (decimal 216)
   defining Unicode char U+00D9 (decimal 217)
   defining Unicode char U+00DA (decimal 218)
   defining Unicode char U+00DB (decimal 219)
   defining Unicode char U+00DC (decimal 220)
   defining Unicode char U+00DD (decimal 221)
   defining Unicode char U+00DE (decimal 222)
   defining Unicode char U+00DF (decimal 223)
   defining Unicode char U+00E0 (decimal 224)
   defining Unicode char U+00E1 (decimal 225)
   defining Unicode char U+00E2 (decimal 226)
   defining Unicode char U+00E3 (decimal 227)
   defining Unicode char U+00E4 (decimal 228)
   defining Unicode char U+00E5 (decimal 229)
   defining Unicode char U+00E6 (decimal 230)
   defining Unicode char U+00E7 (decimal 231)
   defining Unicode char U+00E8 (decimal 232)
   defining Unicode char U+00E9 (decimal 233)
   defining Unicode char U+00EA (decimal 234)
   defining Unicode char U+00EB (decimal 235)
   defining Unicode char U+00EC (decimal 236)
   defining Unicode char U+00ED (decimal 237)
   defining Unicode char U+00EE (decimal 238)
   defining Unicode char U+00EF (decimal 239)
   defining Unicode char U+00F0 (decimal 240)
   defining Unicode char U+00F1 (decimal 241)
   defining Unicode char U+00F2 (decimal 242)
   defining Unicode char U+00F3 (decimal 243)
   defining Unicode char U+00F4 (decimal 244)
   defining Unicode char U+00F5 (decimal 245)
   defining Unicode char U+00F6 (decimal 246)
   defining Unicode char U+00F8 (decimal 248)
   defining Unicode char U+00F9 (decimal 249)
   defining Unicode char U+00FA (decimal 250)
   defining Unicode char U+00FB (decimal 251)
   defining Unicode char U+00FC (decimal 252)
   defining Unicode char U+00FD (decimal 253)
   defining Unicode char U+00FE (decimal 254)
   defining Unicode char U+00FF (decimal 255)
   defining Unicode char U+0102 (decimal 258)
   defining Unicode char U+0103 (decimal 259)
   defining Unicode char U+0104 (decimal 260)
   defining Unicode char U+0105 (decimal 261)
   defining Unicode char U+0106 (decimal 262)
   defining Unicode char U+0107 (decimal 263)
   defining Unicode char U+010C (decimal 268)
   defining Unicode char U+010D (decimal 269)
   defining Unicode char U+010E (decimal 270)
   defining Unicode char U+010F (decimal 271)
   defining Unicode char U+0110 (decimal 272)
   defining Unicode char U+0111 (decimal 273)
   defining Unicode char U+0118 (decimal 280)
   defining Unicode char U+0119 (decimal 281)
   defining Unicode char U+011A (decimal 282)
   defining Unicode char U+011B (decimal 283)
   defining Unicode char U+011E (decimal 286)
   defining Unicode char U+011F (decimal 287)
   defining Unicode char U+0130 (decimal 304)
   defining Unicode char U+0131 (decimal 305)
   defining Unicode char U+0132 (decimal 306)
   defining Unicode char U+0133 (decimal 307)
   defining Unicode char U+0139 (decimal 313)
   defining Unicode char U+013A (decimal 314)
   defining Unicode char U+013D (decimal 317)
   defining Unicode char U+013E (decimal 318)
   defining Unicode char U+0141 (decimal 321)
   defining Unicode char U+0142 (decimal 322)
   defining Unicode char U+0143 (decimal 323)
   defining Unicode char U+0144 (decimal 324)
   defining Unicode char U+0147 (decimal 327)
   defining Unicode char U+0148 (decimal 328)
   defining Unicode char U+014A (decimal 330)
   defining Unicode char U+014B (decimal 331)
   defining Unicode char U+0150 (decimal 336)
   defining Unicode char U+0151 (decimal 337)
   defining Unicode char U+0152 (decimal 338)
   defining Unicode char U+0153 (decimal 339)
   defining Unicode char U+0154 (decimal 340)
   defining Unicode char U+0155 (decimal 341)
   defining Unicode char U+0158 (decimal 344)
   defining Unicode char U+0159 (decimal 345)
   defining Unicode char U+015A (decimal 346)
   defining Unicode char U+015B (decimal 347)
   defining Unicode char U+015E (decimal 350)
   defining Unicode char U+015F (decimal 351)
   defining Unicode char U+0160 (decimal 352)
   defining Unicode char U+0161 (decimal 353)
   defining Unicode char U+0162 (decimal 354)
   defining Unicode char U+0163 (decimal 355)
   defining Unicode char U+0164 (decimal 356)
   defining Unicode char U+0165 (decimal 357)
   defining Unicode char U+016E (decimal 366)
   defining Unicode char U+016F (decimal 367)
   defining Unicode char U+0170 (decimal 368)
   defining Unicode char U+0171 (decimal 369)
   defining Unicode char U+0178 (decimal 376)
   defining Unicode char U+0179 (decimal 377)
   defining Unicode char U+017A (decimal 378)
   defining Unicode char U+017B (decimal 379)
   defining Unicode char U+017C (decimal 380)
   defining Unicode char U+017D (decimal 381)
   defining Unicode char U+017E (decimal 382)
   defining Unicode char U+200C (decimal 8204)
   defining Unicode char U+2013 (decimal 8211)
   defining Unicode char U+2014 (decimal 8212)
   defining Unicode char U+2018 (decimal 8216)
   defining Unicode char U+2019 (decimal 8217)
   defining Unicode char U+201A (decimal 8218)
   defining Unicode char U+201C (decimal 8220)
   defining Unicode char U+201D (decimal 8221)
   defining Unicode char U+201E (decimal 8222)
   defining Unicode char U+2030 (decimal 8240)
   defining Unicode char U+2031 (decimal 8241)
   defining Unicode char U+2039 (decimal 8249)
   defining Unicode char U+203A (decimal 8250)
   defining Unicode char U+2423 (decimal 9251)
)
Now handling font encoding OT1 ...
... processing UTF-8 mapping file for font encoding OT1

(/usr/share/texmf-texlive/tex/latex/base/ot1enc.dfu
File: ot1enc.dfu 2008/04/05 v1.1m UTF-8 support for inputenc
   defining Unicode char U+00A1 (decimal 161)
   defining Unicode char U+00A3 (decimal 163)
   defining Unicode char U+00B8 (decimal 184)
   defining Unicode char U+00BF (decimal 191)
   defining Unicode char U+00C5 (decimal 197)
   defining Unicode char U+00C6 (decimal 198)
   defining Unicode char U+00D8 (decimal 216)
   defining Unicode char U+00DF (decimal 223)
   defining Unicode char U+00E6 (decimal 230)
   defining Unicode char U+00EC (decimal 236)
   defining Unicode char U+00ED (decimal 237)
   defining Unicode char U+00EE (decimal 238)
   defining Unicode char U+00EF (decimal 239)
   defining Unicode char U+00F8 (decimal 248)
   defining Unicode char U+0131 (decimal 305)
   defining Unicode char U+0141 (decimal 321)
   defining Unicode char U+0142 (decimal 322)
   defining Unicode char U+0152 (decimal 338)
   defining Unicode char U+0153 (decimal 339)
   defining Unicode char U+2013 (decimal 8211)
   defining Unicode char U+2014 (decimal 8212)
   defining Unicode char U+2018 (decimal 8216)
   defining Unicode char U+2019 (decimal 8217)
   defining Unicode char U+201C (decimal 8220)
   defining Unicode char U+201D (decimal 8221)
)
Now handling font encoding OMS ...
... processing UTF-8 mapping file for font encoding OMS

(/usr/share/texmf-texlive/tex/latex/base/omsenc.dfu
File: omsenc.dfu 2008/04/05 v1.1m UTF-8 support for inputenc
   defining Unicode char U+00A7 (decimal 167)
   defining Unicode char U+00B6 (decimal 182)
   defining Unicode char U+00B7 (decimal 183)
   defining Unicode char U+2020 (decimal 8224)
   defining Unicode char U+2021 (decimal 8225)
   defining Unicode char U+2022 (decimal 8226)
)
Now handling font encoding OMX ...
... no UTF-8 mapping file for font encoding OMX
Now handling font encoding U ...
... no UTF-8 mapping file for font encoding U
   defining Unicode char U+00A9 (decimal 169)
   defining Unicode char U+00AA (decimal 170)
   defining Unicode char U+00AE (decimal 174)
   defining Unicode char U+00BA (decimal 186)
   defining Unicode char U+02C6 (decimal 710)
   defining Unicode char U+02DC (decimal 732)
   defining Unicode char U+200C (decimal 8204)
   defining Unicode char U+2026 (decimal 8230)
   defining Unicode char U+2122 (decimal 8482)
   defining Unicode char U+2423 (decimal 9251)
))
(/usr/share/texmf-texlive/tex/generic/babel/babel.sty
Package: babel 2008/07/06 v3.8l The Babel package

(/usr/share/texmf-texlive/tex/generic/babel/ngermanb.ldf
Language: ngermanb 2008/07/06 v2.6n new German support from the babel system

(/usr/share/texmf-texlive/tex/generic/babel/babel.def
File: babel.def 2008/07/06 v3.8l Babel common definitions
\babel@savecnt=\count88
\U@D=\dimen103
)

Package babel Warning: No hyphenation patterns were loaded for
(babel)                the language `ngerman'
(babel)                I will use the patterns loaded for \language=0 instead.

\l@ngerman = a dialect from \language0
\l@naustrian = a dialect from \language\l@ngerman 
Package babel Info: Making " an active character on input line 92.
)) (/usr/share/texmf-texlive/tex/latex/amsmath/amsmath.sty
Package: amsmath 2000/07/18 v2.13 AMS math features
\@mathmargin=\skip47

For additional information on amsmath, use the `?' option.
(/usr/share/texmf-texlive/tex/latex/amsmath/amstext.sty
Package: amstext 2000/06/29 v2.01

(/usr/share/texmf-texlive/tex/latex/amsmath/amsgen.sty
File: amsgen.sty 1999/11/30 v2.0
\@emptytoks=\toks17
\ex@=\dimen104
))
(/usr/share/texmf-texlive/tex/latex/amsmath/amsbsy.sty
Package: amsbsy 1999/11/29 v1.2d
\pmbraise@=\dimen105
)
(/usr/share/texmf-texlive/tex/latex/amsmath/amsopn.sty
Package: amsopn 1999/12/14 v2.01 operator names
)
\inf@bad=\count89
LaTeX Info: Redefining \frac on input line 211.
\uproot@=\count90
\leftroot@=\count91
LaTeX Info: Redefining \overline on input line 307.
\classnum@=\count92
\DOTSCASE@=\count93
LaTeX Info: Redefining \ldots on input line 379.
LaTeX Info: Redefining \dots on input line 382.
LaTeX Info: Redefining \cdots on input line 467.
\Mathstrutbox@=\box27
\strutbox@=\box28
\big@size=\dimen106
LaTeX Font Info:    Redeclaring font encoding OML on input line 567.
LaTeX Font Info:    Redeclaring font encoding OMS on input line 568.
\macc@depth=\count94
\c@MaxMatrixCols=\count95
\dotsspace@=\muskip10
\c@parentequation=\count96
\dspbrk@lvl=\count97
\tag@help=\toks18
\row@=\count98
\column@=\count99
\maxfields@=\count100
\andhelp@=\toks19
\eqnshift@=\dimen107
\alignsep@=\dimen108
\tagshift@=\dimen109
\tagwidth@=\dimen110
\totwidth@=\dimen111
\lineht@=\dimen112
\@envbody=\toks20
\multlinegap=\skip48
\multlinetaggap=\skip49
\mathdisplay@stack=\toks21
LaTeX Info: Redefining \[ on input line 2666.
LaTeX Info: Redefining \] on input line 2667.
)
(/usr/share/texmf-texlive/tex/latex/amsfonts/amssymb.sty
Package: amssymb 2009/06/22 v3.00

(/usr/share/texmf-texlive/tex/latex/amsfonts/amsfonts.sty
Package: amsfonts 2009/06/22 v3.00 Basic AMSFonts support
\symAMSa=\mathgroup4
\symAMSb=\mathgroup5
LaTeX Font Info:    Overwriting math alphabet `\mathfrak' in version `bold'
(Font)                  U/euf/m/n --> U/euf/b/n on input line 96.
))
(/usr/share/texmf-texlive/tex/latex/graphics/graphicx.sty
Package: graphicx 1999/02/16 v1.0f Enhanced LaTeX Graphics (DPC,SPQR)

(/usr/share/texmf-texlive/tex/latex/graphics/graphics.sty
Package: graphics 2009/02/05 v1.0o Standard LaTeX Graphics (DPC,SPQR)

(/usr/share/texmf-texlive/tex/latex/graphics/trig.sty
Package: trig 1999/03/16 v1.09 sin cos tan (DPC)
)
(/etc/texmf/tex/latex/config/graphics.cfg
File: graphics.cfg 2009/08/28 v1.8 graphics configuration of TeX Live
)
Package graphics Info: Driver file: pdftex.def on input line 91.

(/usr/share/texmf-texlive/tex/latex/pdftex-def/pdftex.def
File: pdftex.def 2009/08/25 v0.04m Graphics/color for pdfTeX
\Gread@gobject=\count101
))
\Gin@req@height=\dimen113
\Gin@req@width=\dimen114
)
(/usr/share/texmf-texlive/tex/latex/pdfpages/pdfpages.sty
Package: pdfpages 2009/02/07 v0.4g Insert pages of external PDF documents (AM)

(/usr/share/texmf-texlive/tex/latex/base/ifthen.sty
Package: ifthen 2001/05/26 v1.1c Standard LaTeX ifthen package (DPC)
)
(/usr/share/texmf-texlive/tex/latex/tools/calc.sty
Package: calc 2007/08/22 v4.3 Infix arithmetic (KKT,FJ)
\calc@Acount=\count102
\calc@Bcount=\count103
\calc@Adimen=\dimen115
\calc@Bdimen=\dimen116
\calc@Askip=\skip50
\calc@Bskip=\skip51
LaTeX Info: Redefining \setlength on input line 76.
LaTeX Info: Redefining \addtolength on input line 77.
\calc@Ccount=\count104
\calc@Cskip=\skip52
)
(/usr/share/texmf-texlive/tex/latex/eso-pic/eso-pic.sty
Package: eso-pic 2006/07/14 v1.1d eso-pic (RN)

(/usr/share/texmf-texlive/tex/latex/ms/everyshi.sty
Package: everyshi 2001/05/15 v3.00 EveryShipout Package (MS)
))
(/usr/share/texmf-texlive/tex/latex/pdfpages/pppdftex.def
File: pppdftex.def 2009/02/07 v0.4g Pdfpages driver for pdfTeX (AM)
)
\AM@pagebox=\box29
\AM@toc@title=\toks22
\c@AM@survey=\count105
\AM@templatesizebox=\box30
)
(/usr/share/texmf-texlive/tex/latex/graphics/color.sty
Package: color 2005/11/14 v1.0j Standard LaTeX Color (DPC)

(/etc/texmf/tex/latex/config/color.cfg
File: color.cfg 2007/01/18 v1.5 color configuration of teTeX/TeXLive
)
Package color Info: Driver file: pdftex.def on input line 130.
)
(/usr/share/texmf-texlive/tex/latex/booktabs/booktabs.sty
Package: booktabs 2005/04/14 v1.61803 publication quality tables
\heavyrulewidth=\dimen117
\lightrulewidth=\dimen118
\cmidrulewidth=\dimen119
\belowrulesep=\dimen120
\belowbottomsep=\dimen121
\aboverulesep=\dimen122
\abovetopsep=\dimen123
\cmidrulesep=\dimen124
\cmidrulekern=\dimen125
\defaultaddspace=\dimen126
\@cmidla=\count106
\@cmidlb=\count107
\@aboverulesep=\dimen127
\@belowrulesep=\dimen128
\@thisruleclass=\count108
\@lastruleclass=\count109
\@thisrulewidth=\dimen129
)
(/home/jup/Dropbox/WR/Belege/taylor/wr-prak2.aux)
\openout1 = `wr-prak2.aux'.

LaTeX Font Info:    Checking defaults for OML/cmm/m/it on input line 11.
LaTeX Font Info:    ... okay on input line 11.
LaTeX Font Info:    Checking defaults for T1/cmr/m/n on input line 11.
LaTeX Font Info:    ... okay on input line 11.
LaTeX Font Info:    Checking defaults for OT1/cmr/m/n on input line 11.
LaTeX Font Info:    ... okay on input line 11.
LaTeX Font Info:    Checking defaults for OMS/cmsy/m/n on input line 11.
LaTeX Font Info:    ... okay on input line 11.
LaTeX Font Info:    Checking defaults for OMX/cmex/m/n on input line 11.
LaTeX Font Info:    ... okay on input line 11.
LaTeX Font Info:    Checking defaults for U/cmr/m/n on input line 11.
LaTeX Font Info:    ... okay on input line 11.

(/usr/share/texmf-texlive/tex/context/base/supp-pdf.mkii
[Loading MPS to PDF converter (version 2006.09.02).]
\scratchcounter=\count110
\scratchdimen=\dimen130
\scratchbox=\box31
\nofMPsegments=\count111
\nofMParguments=\count112
\everyMPshowfont=\toks23
\MPscratchCnt=\count113
\MPscratchDim=\dimen131
\MPnumerator=\count114
\everyMPtoPDFconversion=\toks24
) ABD: EveryShipout initializing macros
<Deckblatt.pdf, id=5, page=1, 597.23125pt x 845.1575pt>
File: Deckblatt.pdf Graphic file (type pdf)

<use Deckblatt.pdf, page 1>
File: Deckblatt.pdf Graphic file (type pdf)
 <use Deckblatt.pdf, page 1>
File: Deckblatt.pdf Graphic file (type pdf)

<use Deckblatt.pdf, page 1>
File: Deckblatt.pdf Graphic file (type pdf)
 <use Deckblatt.pdf, page 1>
File: Deckblatt.pdf Graphic file (type pdf)

<use Deckblatt.pdf, page 1> [1

 </home/jup/Dropbox/WR/Belege/taylor/Deckblatt.pdf{/var/lib/texmf/fonts/map/pdf
tex/updmap/pdftex.map}>]
(/home/jup/Dropbox/WR/Belege/taylor/wr-prak2.toc
Class scrartcl Info: You've told me to use the font selection of the element
(scrartcl)           `sectioning' that is an alias of element `disposition'
(scrartcl)            on input line 2.
Class scrartcl Info: You've told me to use the font selection of the element
(scrartcl)           `sectioning' that is an alias of element `disposition'
(scrartcl)            on input line 3.
LaTeX Font Info:    Try loading font information for U+msa on input line 4.

(/usr/share/texmf-texlive/tex/latex/amsfonts/umsa.fd
File: umsa.fd 2009/06/22 v3.00 AMS symbols A
)
LaTeX Font Info:    Try loading font information for U+msb on input line 4.

(/usr/share/texmf-texlive/tex/latex/amsfonts/umsb.fd
File: umsb.fd 2009/06/22 v3.00 AMS symbols B
)
Class scrartcl Info: You've told me to use the font selection of the element
(scrartcl)           `sectioning' that is an alias of element `disposition'
(scrartcl)            on input line 6.
Class scrartcl Info: You've told me to use the font selection of the element
(scrartcl)           `sectioning' that is an alias of element `disposition'
(scrartcl)            on input line 14.
Class scrartcl Info: You've told me to use the font selection of the element
(scrartcl)           `sectioning' that is an alias of element `disposition'
(scrartcl)            on input line 19.
)
\tf@toc=\write3
\openout3 = `wr-prak2.toc'.



! LaTeX Error: There's no line here to end.

See the LaTeX manual or LaTeX Companion for explanation.
Type  H <return>  for immediate help.
 ...                                              
                                                  
l.16 \newpage
             
Your command was ignored.
Type  I <command> <return>  to replace it with another command,
or  <return>  to continue without it.

[2]
Overfull \hbox (3.62251pt too wide) in paragraph at lines 28--32
\OT1/cmr/m/n/10.95 von $\OML/cmm/m/it/10.95 u\OT1/cmr/m/n/10.95 (\OML/cmm/m/it/
10.95 t\OT1/cmr/m/n/10.95 )$ sehr n[]utzlich. Ken-nt man an ein-er Stelle $\OML
/cmm/m/it/10.95 t \OT1/cmr/m/n/10.95 = \OML/cmm/m/it/10.95 t[]$ \OT1/cmr/m/n/10
.95 die Werte: $\OML/cmm/m/it/10.95 u\OT1/cmr/m/n/10.95 (\OML/cmm/m/it/10.95 t[
]\OT1/cmr/m/n/10.95 )\OML/cmm/m/it/10.95 ; u[]\OT1/cmr/m/n/10.95 (\OML/cmm/m/it
/10.95 t[]\OT1/cmr/m/n/10.95 )\OML/cmm/m/it/10.95 ; :::; u[]\OT1/cmr/m/n/10.95 
(\OML/cmm/m/it/10.95 t[]\OT1/cmr/m/n/10.95 )$, 
 []


Underfull \hbox (badness 10000) in paragraph at lines 28--32

 []


Underfull \hbox (badness 10000) in paragraph at lines 32--48

 []


Underfull \hbox (badness 10000) in paragraph at lines 32--48

 []


Underfull \hbox (badness 10000) in paragraph at lines 32--48

 []


Underfull \hbox (badness 10000) in paragraph at lines 32--48

 []

[1]
Underfull \hbox (badness 10000) in paragraph at lines 49--53

 []


Underfull \hbox (badness 10000) in paragraph at lines 49--53

 []


Underfull \hbox (badness 10000) in paragraph at lines 55--59

 []


Underfull \hbox (badness 10000) in paragraph at lines 55--59

 []


! LaTeX Error: There's no line here to end.

See the LaTeX manual or LaTeX Companion for explanation.
Type  H <return>  for immediate help.
 ...                                              
                                                  
l.63 \\
       
Your command was ignored.
Type  I <command> <return>  to replace it with another command,
or  <return>  to continue without it.


! LaTeX Error: There's no line here to end.

See the LaTeX manual or LaTeX Companion for explanation.
Type  H <return>  for immediate help.
 ...                                              
                                                  
l.64 M
      it den obigen Grundregeln können bereits für die meisten einfachen F...

Your command was ignored.
Type  I <command> <return>  to replace it with another command,
or  <return>  to continue without it.


Underfull \hbox (badness 10000) in paragraph at lines 64--65

 []

[2]
Underfull \hbox (badness 10000) in paragraph at lines 68--76

 []


Underfull \hbox (badness 10000) in paragraph at lines 68--76

 []


Underfull \hbox (badness 10000) in paragraph at lines 80--82

 []


Underfull \hbox (badness 10000) in paragraph at lines 82--85

 []


! LaTeX Error: There's no line here to end.

See the LaTeX manual or LaTeX Companion for explanation.
Type  H <return>  for immediate help.
 ...                                              
                                                  
l.90 \newpage
             
Your command was ignored.
Type  I <command> <return>  to replace it with another command,
or  <return>  to continue without it.

[3]
Underfull \hbox (badness 10000) in paragraph at lines 91--93

 []


Underfull \hbox (badness 10000) in paragraph at lines 95--96

 []


Underfull \hbox (badness 10000) in paragraph at lines 96--100

 []


Underfull \hbox (badness 10000) in paragraph at lines 96--100

 []


! LaTeX Error: There's no line here to end.

See the LaTeX manual or LaTeX Companion for explanation.
Type  H <return>  for immediate help.
 ...                                              
                                                  
l.106 F
       ür sie sind keine weiteren besonderen Regeln nötig, da sie aus den ...

Your command was ignored.
Type  I <command> <return>  to replace it with another command,
or  <return>  to continue without it.

[4]
! Illegal unit of measure (pt inserted).
<to be read again> 
                   \hskip 
l.123 ...Klasse sind, welche Datentypen\hspace*{2}
                                                   diese\hspace*{2} als Eing...
Dimensions can be in units of em, ex, in, pt, pc,
cm, mm, dd, cc, nd, nc, bp, or sp; but yours is a new one!
I'll assume that you meant to say pt, for printer's points.
To recover gracefully from this error, it's best to
delete the erroneous units; e.g., type `2' to delete
two letters. (See Chapter 27 of The TeXbook.)

! Illegal unit of measure (pt inserted).
<to be read again> 
                   \hskip 
l.123 ...he Datentypen\hspace*{2} diese\hspace*{2}
                                                   als Eingabe benötigen un...
Dimensions can be in units of em, ex, in, pt, pc,
cm, mm, dd, cc, nd, nc, bp, or sp; but yours is a new one!
I'll assume that you meant to say pt, for printer's points.
To recover gracefully from this error, it's best to
delete the erroneous units; e.g., type `2' to delete
two letters. (See Chapter 27 of The TeXbook.)


Underfull \hbox (badness 10000) in paragraph at lines 122--124

 []

[5]
Overfull \hbox (1.39865pt too wide) in paragraph at lines 200--200
[]                 \OT1/cmtt/m/n/10.95 * Konstruktor der eine Taylor-Instanz f^
^?ur eine Konstante[] 
 []


Overfull \hbox (7.14734pt too wide) in paragraph at lines 200--200
[]                 \OT1/cmtt/m/n/10.95 * Kopier-Konstruktor, Zuweisungsoperator
en und Destruktor[] 
 []


Overfull \hbox (35.89078pt too wide) in paragraph at lines 200--200
[]                 \OT1/cmtt/m/n/10.95 * Methoden zur ausgabe des Koeffizienten
arrays, zum setzen der[] 
 []

[6]
Overfull \hbox (47.38815pt too wide) in paragraph at lines 200--200
[]                 \OT1/cmtt/m/n/10.95 * und Berechnung des Wertes des Taylorpo
lynoms fuer ein festes x[] 
 []

[7]
Overfull \hbox (12.89603pt too wide) in paragraph at lines 587--587
[] \OT1/cmtt/m/n/10.95 * Konstruktor erstellt f^^?ur m gleich 'c' ein Koeffizie
ntenarray der L^^?ange j[] 
 []


Overfull \hbox (24.3934pt too wide) in paragraph at lines 587--587
[] \OT1/cmtt/m/n/10.95 * f^^?ur eine Konstante mit Wert w oder f^^?ur m gleich 
'x' ein Koeffizientenarray[] 
 []

[8] [9] [10]
Overfull \hbox (18.64471pt too wide) in paragraph at lines 587--587
[] \OT1/cmtt/m/n/10.95 * Freundfunktionen fuer ueberladene Operatoren und mathe
matische Funktionen[] 
 []

[11] [12]
Overfull \hbox (35.89078pt too wide) in paragraph at lines 587--587
[]                        \OT1/cmtt/m/n/10.95 sico[0].ak[k] += (j+1) * sico[1].
ak[k-j-1] * a.ak[j+1];[] 
 []


Overfull \hbox (35.89078pt too wide) in paragraph at lines 587--587
[]                        \OT1/cmtt/m/n/10.95 sico[1].ak[k] += (j+1) * sico[0].
ak[k-j-1] * a.ak[j+1];[] 
 []

[13]
Overfull \hbox (35.89078pt too wide) in paragraph at lines 587--587
[]                        \OT1/cmtt/m/n/10.95 sico[0].ak[k] += (j+1) * sico[1].
ak[k-j-1] * a.ak[j+1];[] 
 []


Overfull \hbox (35.89078pt too wide) in paragraph at lines 587--587
[]                        \OT1/cmtt/m/n/10.95 sico[1].ak[k] += (j+1) * sico[0].
ak[k-j-1] * a.ak[j+1];[] 
 []


Overfull \hbox (70.3829pt too wide) in paragraph at lines 587--587
[]                        \OT1/cmtt/m/n/10.95 res.ak[k] -= (1-double(j)/double(
k)) * a.ak[j] * res.ak[k-j];[] 
 []

[14] [15] [16]
Underfull \hbox (badness 10000) in paragraph at lines 591--595

 []


Overfull \hbox (24.3934pt too wide) in paragraph at lines 653--653
[]                \OT1/cmtt/m/n/10.95 // Instanz von taylor einer Variable mit 
Wert x wird erstellt[] 
 []


Overfull \hbox (64.63422pt too wide) in paragraph at lines 653--653
[]                \OT1/cmtt/m/n/10.95 // ansonsten wird Instanz einer Konstante
n mit dem Wert in term.text[] 
 []


Overfull \hbox (58.88553pt too wide) in paragraph at lines 653--653
[]                \OT1/cmtt/m/n/10.95 // (welcher mit atof(..) in double umgewa
ndelt wurde) zur^^?uckgegeben[] 
 []


Overfull \hbox (41.63947pt too wide) in paragraph at lines 653--653
[]                \OT1/cmtt/m/n/10.95 // Je nach Operator werden die ben^^?otig
ten f^^?ur taylor ^^?uberladenen[] 
 []


Overfull \hbox (47.38815pt too wide) in paragraph at lines 653--653
[]                                \OT1/cmtt/m/n/10.95 return pow(tayl(k,x,*term
.l), tayl(k,x,*term.r));[] 
 []


Overfull \hbox (12.89603pt too wide) in paragraph at lines 653--653
[]                                \OT1/cmtt/m/n/10.95 return tayl(k,x,*term.l)*
tayl(k,x,*term.r);[] 
 []


Overfull \hbox (12.89603pt too wide) in paragraph at lines 653--653
[]                                \OT1/cmtt/m/n/10.95 return tayl(k,x,*term.l)/
tayl(k,x,*term.r);[] 
 []


Overfull \hbox (12.89603pt too wide) in paragraph at lines 653--653
[]                                \OT1/cmtt/m/n/10.95 return tayl(k,x,*term.l)-
tayl(k,x,*term.r);[] 
 []

[17]
Overfull \hbox (12.89603pt too wide) in paragraph at lines 653--653
[]                                \OT1/cmtt/m/n/10.95 return tayl(k,x,*term.l)+
tayl(k,x,*term.r);[] 
 []


Underfull \hbox (badness 10000) in paragraph at lines 657--664

 []

[18] <./png/Gui1.png, id=94, 645.91313pt x 527.72156pt>
File: ./png/Gui1.png Graphic file (type png)
 <use ./png/Gui1.png>
[19 <./png/Gui1.png (PNG copy)>] [20]
Underfull \hbox (badness 10000) in paragraph at lines 677--680

 []


Overfull \hbox (53.13684pt too wide) in paragraph at lines 683--683
[]\OT1/cmtt/m/n/10.95 T(x) = 1 + 1 * x + 0.5 * x^2 + 0.166667 * x^3 + 0.0416667
 * x^4 + 0.00833333 * x^5[] 
 []


Overfull \hbox (18.64471pt too wide) in paragraph at lines 688--688
[]\OT1/cmtt/m/n/10.95 T(x) = 0 + 1 * (x-1) + -0.5 * (x-1)^2 + 0.333333 * (x-1)^
3 + -0.25 * (x-1)^4[] 
 []


Overfull \hbox (1.39865pt too wide) in paragraph at lines 688--688
[]       \OT1/cmtt/m/n/10.95 + 0.2 * (x-1)^5 + -0.166667 * (x-1)^6 + 0.142857 *
 (x-1)^7 + R(xi)[] 
 []


Overfull \hbox (53.13684pt too wide) in paragraph at lines 692--692
[]\OT1/cmtt/m/n/10.95 T(x) = 0 + 1 * x + -0.166667 * x^3 + 0.00833333 * x^5 + -
0.000198413 * x^7 + R(xi)[] 
 []


Overfull \hbox (18.64471pt too wide) in paragraph at lines 700--700
[]\OT1/cmtt/m/n/10.95 T(x) = 0 + 1 * x + 0.333333 * x^3 + 0.133333 * x^5 + 0.05
39683 * x^7 + R(xi)[] 
 []


Overfull \hbox (18.64471pt too wide) in paragraph at lines 706--706
[]\OT1/cmtt/m/n/10.95 T(x) = 0.642093 + -1.41228 * (x-1) + 0.906816 * (x-1)^2 +
 -1.05302 * (x-1)^3[] 
 []


Overfull \hbox (41.63947pt too wide) in paragraph at lines 710--710
[]\OT1/cmtt/m/n/10.95 T(x) = 0 + 1 * x + 0.166667 * x^3 + 0.00833333 * x^5 + 0.
000198413 * x^7 + R(xi)[] 
 []


Overfull \hbox (30.14209pt too wide) in paragraph at lines 718--718
[]\OT1/cmtt/m/n/10.95 T(x) = 0 + 1 * x + -0.333333 * x^3 + 0.133333 * x^5 + -0.
0539683 * x^7 + R(xi)[] 
 []


Overfull \hbox (18.64471pt too wide) in paragraph at lines 724--724
[]\OT1/cmtt/m/n/10.95 T(x) = 1.31304 + -0.724062 * (x-1) + 0.950719 * (x-1)^2 +
 -1.00697 * (x-1)^3[] 
 []

[21]
Overfull \hbox (53.13684pt too wide) in paragraph at lines 750--750
[]     \OT1/cmtt/m/n/10.95 T(x) = 0.367879 + -0.735759 * (x-1) + 0.367879 * (x-
1)^2 + 0.245253 * (x-1)^3[] 
 []

<./png/plot_gauss.png, id=105, 309.40594pt x 309.40594pt>
File: ./png/plot_gauss.png Graphic file (type png)

<use ./png/plot_gauss.png> [22 <./png/plot_gauss.png>]
Overfull \hbox (41.63947pt too wide) in paragraph at lines 776--776
[]     \OT1/cmtt/m/n/10.95 T(x) = 0 + -1.5 * (x-1) + -1.25 * (x-1)^2 + 1.25 * (
x-1)^3 + 1.25 * (x-1)^4[] 
 []

<./png/plot_ploynom.png, id=113, 522.45187pt x 348.55219pt>
File: ./png/plot_ploynom.png Graphic file (type png)

<use ./png/plot_ploynom.png> [23 <./png/plot_ploynom.png>]
Overfull \hbox (35.89078pt too wide) in paragraph at lines 800--800
[]     \OT1/cmtt/m/n/10.95 T(x) = 0.739953 + 1.02245 * (x+1) + 0.81782 * (x+1)^
2 + 0.308916 * (x+1)^3[] 
 []


Overfull \hbox (81.88028pt too wide) in paragraph at lines 800--800
[]            \OT1/cmtt/m/n/10.95 + -0.0175958 * (x+1)^4 + -0.101004 * (x+1)^5 
+ -0.0564361 * (x+1)^6 + R(xi)[] 
 []

<./png/plot_expsincos.png, id=119, 549.55313pt x 320.69812pt>
File: ./png/plot_expsincos.png Graphic file (type png)

<use ./png/plot_expsincos.png> [24 <./png/plot_expsincos.png>]
Underfull \hbox (badness 10000) in paragraph at lines 807--808

 []


Underfull \hbox (badness 10000) in paragraph at lines 808--809

 []


Underfull \hbox (badness 10000) in paragraph at lines 809--810

 []


Underfull \hbox (badness 10000) in paragraph at lines 810--811

 []

[25] (/home/jup/Dropbox/WR/Belege/taylor/wr-prak2.aux) ) 
Here is how much of TeX's memory you used:
 4126 strings out of 495061
 56110 string characters out of 1182622
 143084 words of memory out of 3000000
 7228 multiletter control sequences out of 15000+50000
 12141 words of font info for 46 fonts, out of 3000000 for 9000
 28 hyphenation exceptions out of 8191
 36i,16n,36p,786b,384s stack positions out of 5000i,500n,10000p,200000b,50000s
</usr/share/texmf-texli
ve/fonts/type1/public/amsfonts/cm/cmbx10.pfb></usr/share/texmf-texlive/fonts/ty
pe1/public/amsfonts/cm/cmex10.pfb></usr/share/texmf-texlive/fonts/type1/public/
amsfonts/cm/cmmi10.pfb></usr/share/texmf-texlive/fonts/type1/public/amsfonts/cm
/cmmi12.pfb></usr/share/texmf-texlive/fonts/type1/public/amsfonts/cm/cmmi8.pfb>
</usr/share/texmf-texlive/fonts/type1/public/amsfonts/cm/cmr10.pfb></usr/share/
texmf-texlive/fonts/type1/public/amsfonts/cm/cmr12.pfb></usr/share/texmf-texliv
e/fonts/type1/public/amsfonts/cm/cmr6.pfb></usr/share/texmf-texlive/fonts/type1
/public/amsfonts/cm/cmr8.pfb></usr/share/texmf-texlive/fonts/type1/public/amsfo
nts/cm/cmr9.pfb></usr/share/texmf-texlive/fonts/type1/public/amsfonts/cm/cmssbx
10.pfb></usr/share/texmf-texlive/fonts/type1/public/amsfonts/cm/cmsy10.pfb></us
r/share/texmf-texlive/fonts/type1/public/amsfonts/cm/cmsy6.pfb></usr/share/texm
f-texlive/fonts/type1/public/amsfonts/cm/cmsy8.pfb></usr/share/texmf-texlive/fo
nts/type1/public/amsfonts/cm/cmti10.pfb></usr/share/texmf-texlive/fonts/type1/p
ublic/amsfonts/cm/cmtt10.pfb></usr/share/texmf-texlive/fonts/type1/public/amsfo
nts/symbols/msam10.pfb></usr/share/texmf-texlive/fonts/type1/public/amsfonts/sy
mbols/msbm10.pfb>
Output written on wr-prak2.pdf (27 pages, 366855 bytes).
PDF statistics:
 184 PDF objects out of 1000 (max. 8388607)
 0 named destinations out of 1000 (max. 500000)
 36 words of extra memory for PDF output out of 10000 (max. 10000000)

